=== puma startup: 2018-04-16 16:49:54 +0800 ===
- Gracefully stopping, waiting for requests to finish
=== puma shutdown: 2018-04-16 16:50:30 +0800 ===
- Goodbye!
Exiting
=== puma startup: 2018-04-17 10:40:09 +0800 ===
- Gracefully stopping, waiting for requests to finish
=== puma shutdown: 2018-04-17 10:42:46 +0800 ===
- Goodbye!
Exiting
=== puma startup: 2018-04-17 10:43:10 +0800 ===
- Gracefully stopping, waiting for requests to finish
=== puma shutdown: 2018-04-17 10:43:12 +0800 ===
- Goodbye!
Exiting
=== puma startup: 2018-04-17 16:23:27 +0800 ===
- Gracefully stopping, waiting for requests to finish
=== puma shutdown: 2018-04-17 16:24:03 +0800 ===
- Goodbye!
Exiting
=== puma startup: 2018-04-17 16:32:47 +0800 ===
- Gracefully stopping, waiting for requests to finish
=== puma shutdown: 2018-04-17 16:34:24 +0800 ===
- Goodbye!
Exiting
=== puma startup: 2018-04-17 16:36:10 +0800 ===
- Gracefully stopping, waiting for requests to finish
=== puma shutdown: 2018-04-17 16:36:38 +0800 ===
- Goodbye!
Exiting
=== puma startup: 2018-04-17 16:36:44 +0800 ===
- Gracefully stopping, waiting for requests to finish
=== puma shutdown: 2018-04-17 16:36:45 +0800 ===
- Goodbye!
Exiting
=== puma startup: 2018-04-17 16:36:52 +0800 ===
Started GET "/" for 127.0.0.1 at 2018-04-17 16:37:01 +0800
  [1m[35m (0.1ms)[0m  [1m[34mSELECT "schema_migrations"."version" FROM "schema_migrations" ORDER BY "schema_migrations"."version" ASC[0m
Processing by WelcomeController#index as HTML
  Rendering welcome/index.html.erb within layouts/application
  [1m[36mActivity Load (0.2ms)[0m  [1m[34mSELECT  "activities".* FROM "activities" ORDER BY "activities"."cached_weighted_total" DESC LIMIT ?[0m  [["LIMIT", 6]]
  Rendered welcome/index.html.erb within layouts/application (378.0ms)
  [1m[36mUser Load (0.1ms)[0m  [1m[34mSELECT  "users".* FROM "users" WHERE "users"."id" = ? ORDER BY "users"."id" ASC LIMIT ?[0m  [["id", 1], ["LIMIT", 1]]
  Rendered shared/_navigation.html.erb (19.9ms)
Completed 200 OK in 498ms (Views: 485.9ms | ActiveRecord: 1.0ms)


- Gracefully stopping, waiting for requests to finish
=== puma shutdown: 2018-04-17 16:43:37 +0800 ===
- Goodbye!
Exiting
