=== puma startup: 2018-04-08 10:40:10 +0800 ===
- Gracefully stopping, waiting for requests to finish
=== puma shutdown: 2018-04-08 10:43:28 +0800 ===
- Goodbye!
Exiting
=== puma startup: 2018-04-08 10:43:57 +0800 ===
- Gracefully stopping, waiting for requests to finish
=== puma shutdown: 2018-04-08 10:44:17 +0800 ===
- Goodbye!
Exiting
=== puma startup: 2018-04-08 10:44:22 +0800 ===
- Gracefully stopping, waiting for requests to finish
=== puma shutdown: 2018-04-08 10:44:50 +0800 ===
- Goodbye!
Exiting
=== puma startup: 2018-04-08 10:44:59 +0800 ===
Started GET "/" for 127.0.0.1 at 2018-04-08 10:45:02 +0800
  [1m[35m (0.4ms)[0m  [1m[34mSELECT "schema_migrations"."version" FROM "schema_migrations" ORDER BY "schema_migrations"."version" ASC[0m
Processing by WelcomeController#index as HTML
  Rendering welcome/index.html.erb within layouts/application
  Rendered welcome/index.html.erb within layouts/application (367.3ms)
  Rendered shared/_navigation.html.erb (12.9ms)
Completed 200 OK in 592ms (Views: 586.4ms | ActiveRecord: 0.0ms)


- Gracefully stopping, waiting for requests to finish
=== puma shutdown: 2018-04-08 10:45:08 +0800 ===
- Goodbye!
Exiting
=== puma startup: 2018-04-08 10:45:14 +0800 ===
- Gracefully stopping, waiting for requests to finish
=== puma shutdown: 2018-04-08 10:54:45 +0800 ===
- Goodbye!
Exiting
=== puma startup: 2018-04-08 10:54:49 +0800 ===
- Gracefully stopping, waiting for requests to finish
=== puma shutdown: 2018-04-08 10:54:51 +0800 ===
- Goodbye!
Exiting
=== puma startup: 2018-04-08 10:56:11 +0800 ===
- Gracefully stopping, waiting for requests to finish
=== puma shutdown: 2018-04-08 11:00:53 +0800 ===
- Goodbye!
Exiting
=== puma startup: 2018-04-08 11:00:57 +0800 ===
- Gracefully stopping, waiting for requests to finish
=== puma shutdown: 2018-04-08 11:06:26 +0800 ===
- Goodbye!
Exiting
=== puma startup: 2018-04-08 11:06:29 +0800 ===
- Gracefully stopping, waiting for requests to finish
=== puma shutdown: 2018-04-08 11:11:38 +0800 ===
- Goodbye!
Exiting
=== puma startup: 2018-04-08 11:12:36 +0800 ===
- Gracefully stopping, waiting for requests to finish
=== puma shutdown: 2018-04-08 11:17:54 +0800 ===
- Goodbye!
Exiting
=== puma startup: 2018-04-08 11:17:57 +0800 ===
- Gracefully stopping, waiting for requests to finish
=== puma shutdown: 2018-04-08 11:19:38 +0800 ===
- Goodbye!
Exiting
